# JRE version: Java(TM) SE Runtime Environment (8.0_51-b16) (build 1.8.0_51-b16)
# Java VM: Java HotSpot(TM) 64-Bit Server VM (25.51-b03 mixed mode windows-amd64 compressed oops)
Heap:
 PSYoungGen      total 364032K, used 162180K [0x00000000d6000000, 0x00000000ed800000, 0x0000000100000000)
  eden space 345600K, 46% used [0x00000000d6000000,0x00000000dfe61168,0x00000000eb180000)
  from space 18432K, 0% used [0x00000000ec380000,0x00000000ec380000,0x00000000ed580000)
  to   space 18432K, 0% used [0x00000000eb180000,0x00000000eb180000,0x00000000ec380000)
 ParOldGen       total 120320K, used 26977K [0x0000000082000000, 0x0000000089580000, 0x00000000d6000000)
  object space 120320K, 22% used [0x0000000082000000,0x0000000083a586d8,0x0000000089580000)
 Metaspace       used 66605K, capacity 69688K, committed 69848K, reserved 1110016K
  class space    used 8876K, capacity 9425K, committed 9432K, reserved 1048576K
GC Heap History (10 events):
Event: 17.830 GC heap before
{Heap before GC invocations=12 (full 2):
 PSYoungGen      total 224768K, used 211968K [0x00000000d6000000, 0x00000000e9500000, 0x0000000100000000)
  eden space 211968K, 100% used [0x00000000d6000000,0x00000000e2f00000,0x00000000e2f00000)
  from space 12800K, 0% used [0x00000000e2f00000,0x00000000e2f00000,0x00000000e3b80000)
  to   space 13824K, 0% used [0x00000000e8780000,0x00000000e8780000,0x00000000e9500000)
 ParOldGen       total 81408K, used 15877K [0x0000000082000000, 0x0000000086f80000, 0x00000000d6000000)
  object space 81408K, 19% used [0x0000000082000000,0x0000000082f81550,0x0000000086f80000)
 Metaspace       used 44248K, capacity 46008K, committed 46424K, reserved 1089536K
  class space    used 5809K, capacity 6146K, committed 6232K, reserved 1048576K
Event: 17.854 GC heap after
Heap after GC invocations=12 (full 2):
 PSYoungGen      total 286208K, used 12628K [0x00000000d6000000, 0x00000000e9400000, 0x0000000100000000)
  eden space 273408K, 0% used [0x00000000d6000000,0x00000000d6000000,0x00000000e6b00000)
  from space 12800K, 98% used [0x00000000e8780000,0x00000000e93d51f0,0x00000000e9400000)
  to   space 15360K, 0% used [0x00000000e7600000,0x00000000e7600000,0x00000000e8500000)
 ParOldGen       total 81408K, used 15885K [0x0000000082000000, 0x0000000086f80000, 0x00000000d6000000)
  object space 81408K, 19% used [0x0000000082000000,0x0000000082f83550,0x0000000086f80000)
 Metaspace       used 44248K, capacity 46008K, committed 46424K, reserved 1089536K
  class space    used 5809K, capacity 6146K, committed 6232K, reserved 1048576K
}
Event: 21.934 GC heap before
{Heap before GC invocations=13 (full 2):
 PSYoungGen      total 286208K, used 243057K [0x00000000d6000000, 0x00000000e9400000, 0x0000000100000000)
  eden space 273408K, 84% used [0x00000000d6000000,0x00000000e4107548,0x00000000e6b00000)
  from space 12800K, 98% used [0x00000000e8780000,0x00000000e93d51f0,0x00000000e9400000)
  to   space 15360K, 0% used [0x00000000e7600000,0x00000000e7600000,0x00000000e8500000)
 ParOldGen       total 81408K, used 15885K [0x0000000082000000, 0x0000000086f80000, 0x00000000d6000000)
  object space 81408K, 19% used [0x0000000082000000,0x0000000082f83550,0x0000000086f80000)
 Metaspace       used 56522K, capacity 58888K, committed 59028K, reserved 1099776K
  class space    used 7603K, capacity 8032K, committed 8152K, reserved 1048576K
Event: 21.959 GC heap after
Heap after GC invocations=13 (full 2):
 PSYoungGen      total 300032K, used 15358K [0x00000000d6000000, 0x00000000ed580000, 0x0000000100000000)
  eden space 284672K, 0% used [0x00000000d6000000,0x00000000d6000000,0x00000000e7600000)
  from space 15360K, 99% used [0x00000000e7600000,0x00000000e84ff820,0x00000000e8500000)
  to   space 18432K, 0% used [0x00000000ec380000,0x00000000ec380000,0x00000000ed580000)
 ParOldGen       total 81408K, used 17958K [0x0000000082000000, 0x0000000086f80000, 0x00000000d6000000)
  object space 81408K, 22% used [0x0000000082000000,0x00000000831899e0,0x0000000086f80000)
 Metaspace       used 56522K, capacity 58888K, committed 59028K, reserved 1099776K
  class space    used 7603K, capacity 8032K, committed 8152K, reserved 1048576K
}
Event: 21.959 GC heap before
{Heap before GC invocations=14 (full 3):
 PSYoungGen      total 300032K, used 15358K [0x00000000d6000000, 0x00000000ed580000, 0x0000000100000000)
  eden space 284672K, 0% used [0x00000000d6000000,0x00000000d6000000,0x00000000e7600000)
  from space 15360K, 99% used [0x00000000e7600000,0x00000000e84ff820,0x00000000e8500000)
  to   space 18432K, 0% used [0x00000000ec380000,0x00000000ec380000,0x00000000ed580000)
 ParOldGen       total 81408K, used 17958K [0x0000000082000000, 0x0000000086f80000, 0x00000000d6000000)
  object space 81408K, 22% used [0x0000000082000000,0x00000000831899e0,0x0000000086f80000)
 Metaspace       used 56522K, capacity 58888K, committed 59028K, reserved 1099776K
  class space    used 7603K, capacity 8032K, committed 8152K, reserved 1048576K
Event: 22.278 GC heap after
Heap after GC invocations=14 (full 3):
 PSYoungGen      total 300032K, used 0K [0x00000000d6000000, 0x00000000ed580000, 0x0000000100000000)
  eden space 284672K, 0% used [0x00000000d6000000,0x00000000d6000000,0x00000000e7600000)
  from space 15360K, 0% used [0x00000000e7600000,0x00000000e7600000,0x00000000e8500000)
  to   space 18432K, 0% used [0x00000000ec380000,0x00000000ec380000,0x00000000ed580000)
 ParOldGen       total 120320K, used 30078K [0x0000000082000000, 0x0000000089580000, 0x00000000d6000000)
  object space 120320K, 24% used [0x0000000082000000,0x0000000083d5fb58,0x0000000089580000)
 Metaspace       used 56522K, capacity 58888K, committed 59028K, reserved 1099776K
  class space    used 7603K, capacity 8032K, committed 8152K, reserved 1048576K
}
Event: 318.849 GC heap before
{Heap before GC invocations=15 (full 3):
 PSYoungGen      total 300032K, used 264478K [0x00000000d6000000, 0x00000000ed580000, 0x0000000100000000)
  eden space 284672K, 92% used [0x00000000d6000000,0x00000000e6247b58,0x00000000e7600000)
  from space 15360K, 0% used [0x00000000e7600000,0x00000000e7600000,0x00000000e8500000)
  to   space 18432K, 0% used [0x00000000ec380000,0x00000000ec380000,0x00000000ed580000)
 ParOldGen       total 120320K, used 30078K [0x0000000082000000, 0x0000000089580000, 0x00000000d6000000)
  object space 120320K, 24% used [0x0000000082000000,0x0000000083d5fb58,0x0000000089580000)
 Metaspace       used 65896K, capacity 68838K, committed 69080K, reserved 1110016K
  class space    used 8848K, capacity 9374K, committed 9432K, reserved 1048576K
Event: 318.867 GC heap after
Heap after GC invocations=15 (full 3):
 PSYoungGen      total 364032K, used 11787K [0x00000000d6000000, 0x00000000ed800000, 0x0000000100000000)
  eden space 345600K, 0% used [0x00000000d6000000,0x00000000d6000000,0x00000000eb180000)
  from space 18432K, 63% used [0x00000000ec380000,0x00000000ecf02f00,0x00000000ed580000)
  to   space 18432K, 0% used [0x00000000eb180000,0x00000000eb180000,0x00000000ec380000)
 ParOldGen       total 120320K, used 30086K [0x0000000082000000, 0x0000000089580000, 0x00000000d6000000)
  object space 120320K, 25% used [0x0000000082000000,0x0000000083d61b58,0x0000000089580000)
 Metaspace       used 65896K, capacity 68838K, committed 69080K, reserved 1110016K
  class space    used 8848K, capacity 9374K, committed 9432K, reserved 1048576K
}
Event: 318.867 GC heap before
{Heap before GC invocations=16 (full 4):
 PSYoungGen      total 364032K, used 11787K [0x00000000d6000000, 0x00000000ed800000, 0x0000000100000000)
  eden space 345600K, 0% used [0x00000000d6000000,0x00000000d6000000,0x00000000eb180000)
  from space 18432K, 63% used [0x00000000ec380000,0x00000000ecf02f00,0x00000000ed580000)
  to   space 18432K, 0% used [0x00000000eb180000,0x00000000eb180000,0x00000000ec380000)
 ParOldGen       total 120320K, used 30086K [0x0000000082000000, 0x0000000089580000, 0x00000000d6000000)
  object space 120320K, 25% used [0x0000000082000000,0x0000000083d61b58,0x0000000089580000)
 Metaspace       used 65896K, capacity 68838K, committed 69080K, reserved 1110016K
  class space    used 8848K, capacity 9374K, committed 9432K, reserved 1048576K
Event: 319.126 GC heap after
Heap after GC invocations=16 (full 4):
 PSYoungGen      total 364032K, used 0K [0x00000000d6000000, 0x00000000ed800000, 0x0000000100000000)
  eden space 345600K, 0% used [0x00000000d6000000,0x00000000d6000000,0x00000000eb180000)
  from space 18432K, 0% used [0x00000000ec380000,0x00000000ec380000,0x00000000ed580000)
  to   space 18432K, 0% used [0x00000000eb180000,0x00000000eb180000,0x00000000ec380000)
 ParOldGen       total 120320K, used 26977K [0x0000000082000000, 0x0000000089580000, 0x00000000d6000000)
  object space 120320K, 22% used [0x0000000082000000,0x0000000083a586d8,0x0000000089580000)
 Metaspace       used 65896K, capacity 68838K, committed 69080K, reserved 1110016K
  class space    used 8848K, capacity 9374K, committed 9432K, reserved 1048576K
}

